[debug] [2023-07-09T19:21:32.799Z] ----------------------------------------------------------------------
[debug] [2023-07-09T19:21:32.801Z] Command:       /usr/local/bin/firebase /Users/colinodowd/.cache/firebase/tools/lib/node_modules/firebase-tools/lib/bin/firebase init hosting
[debug] [2023-07-09T19:21:32.801Z] CLI Version:   12.4.3
[debug] [2023-07-09T19:21:32.801Z] Platform:      darwin
[debug] [2023-07-09T19:21:32.801Z] Node Version:  v16.16.0
[debug] [2023-07-09T19:21:32.803Z] Time:          Sun Jul 09 2023 15:21:32 GMT-0400 (Eastern Daylight Time)
[debug] [2023-07-09T19:21:32.803Z] ----------------------------------------------------------------------
[debug] 
[debug] [2023-07-09T19:21:32.811Z] > command requires scopes: ["email","openid","https://www.googleapis.com/auth/cloudplatformprojects.readonly","https://www.googleapis.com/auth/firebase","https://www.googleapis.com/auth/cloud-platform"]
[debug] [2023-07-09T19:21:32.812Z] > authorizing via signed-in user (cdodowdee@gmail.com)
[info] 
     ######## #### ########  ######## ########     ###     ######  ########
     ##        ##  ##     ## ##       ##     ##  ##   ##  ##       ##
     ######    ##  ########  ######   ########  #########  ######  ######
     ##        ##  ##    ##  ##       ##     ## ##     ##       ## ##
     ##       #### ##     ## ######## ########  ##     ##  ######  ########

You're about to initialize a Firebase project in this directory:

  /Users/colinodowd/Documents/love-language

[info] 
=== Project Setup
[info] 
[info] First, let's associate this project directory with a Firebase project.
[info] You can create multiple project aliases by running firebase use --add, 
[info] but for now we'll just set up a default project.
[info] 
[debug] [2023-07-09T19:21:36.880Z] >>> [apiv2][query] GET https://firebase.googleapis.com/v1beta1/projects pageSize=100
[debug] [2023-07-09T19:21:37.345Z] <<< [apiv2][status] GET https://firebase.googleapis.com/v1beta1/projects 200
[debug] [2023-07-09T19:21:37.345Z] <<< [apiv2][body] GET https://firebase.googleapis.com/v1beta1/projects [omitted]
[info] i  Using project love-language-95263 (love-language) 
[info] 
=== Hosting Setup
[info] 
[info] Your public directory is the folder (relative to your project directory) that
[info] will contain Hosting assets to be uploaded with firebase deploy. If you
[info] have a build process for your assets, use your build's output directory.
[info] 
